<?xml version="1.0" encoding="UTF-8"?>
<testng-results skipped="0" failed="0" ignored="0" total="1" passed="1">
  <reporter-output>
  </reporter-output>
  <suite name="Default suite" duration-ms="29476" started-at="2020-06-24T00:33:45 IST" finished-at="2020-06-24T00:34:15 IST">
    <groups>
    </groups>
    <test name="Default test" duration-ms="29476" started-at="2020-06-24T00:33:45 IST" finished-at="2020-06-24T00:34:15 IST">
      <class name="TestScripts.TestScripts">
        <test-method status="PASS" signature="SetUpSuite()[pri:0, instance:TestScripts.TestScripts@1e4a7dd4]" name="SetUpSuite" is-config="true" duration-ms="204" started-at="2020-06-24T00:33:45 IST" finished-at="2020-06-24T00:33:45 IST">
          <reporter-output>
          </reporter-output>
        </test-method> <!-- SetUpSuite -->
        <test-method status="PASS" signature="Setup()[pri:0, instance:TestScripts.TestScripts@1e4a7dd4]" name="Setup" is-config="true" duration-ms="27331" started-at="2020-06-24T00:33:45 IST" finished-at="2020-06-24T00:34:13 IST">
          <reporter-output>
          </reporter-output>
        </test-method> <!-- Setup -->
        <test-method status="PASS" signature="TC_01_LaunchAmaszonAndValidateLogo()[pri:0, instance:TestScripts.TestScripts@1e4a7dd4]" name="TC_01_LaunchAmaszonAndValidateLogo" duration-ms="441" started-at="2020-06-24T00:34:13 IST" finished-at="2020-06-24T00:34:13 IST">
          <reporter-output>
          </reporter-output>
        </test-method> <!-- TC_01_LaunchAmaszonAndValidateLogo -->
        <test-method status="PASS" signature="TeardownAfterMethod()[pri:0, instance:TestScripts.TestScripts@1e4a7dd4]" name="TeardownAfterMethod" is-config="true" duration-ms="842" started-at="2020-06-24T00:34:13 IST" finished-at="2020-06-24T00:34:14 IST">
          <reporter-output>
          </reporter-output>
        </test-method> <!-- TeardownAfterMethod -->
        <test-method status="PASS" signature="Teardown()[pri:0, instance:TestScripts.TestScripts@1e4a7dd4]" name="Teardown" is-config="true" duration-ms="808" started-at="2020-06-24T00:34:14 IST" finished-at="2020-06-24T00:34:15 IST">
          <reporter-output>
          </reporter-output>
        </test-method> <!-- Teardown -->
      </class> <!-- TestScripts.TestScripts -->
    </test> <!-- Default test -->
  </suite> <!-- Default suite -->
</testng-results>
